<?xml version="1.0" encoding="UTF-8"?>
<robot generator="Robot 3.1.1 (Python 3.6.3 on win32)" generated="20190528 23:46:20.182" rpa="false">
<suite id="s1" name="RobotTest" source="D:\EclipseWorkplace\RobotTest">
<suite id="s1-s1" name="checComparison" source="D:\EclipseWorkplace\RobotTest\checComparison.tsv">
<test id="s1-s1-t1" name="case">
<kw name="Open Browser" library="SeleniumLibrary">
<doc>Opens a new browser instance to the given ``url``.</doc>
<arguments>
<arg>https://www.facebook.com</arg>
<arg>chrome</arg>
</arguments>
<msg timestamp="20190528 23:46:20.659" level="INFO">Opening browser 'chrome' to base url 'https://www.facebook.com'.</msg>
<status status="PASS" starttime="20190528 23:46:20.659" endtime="20190528 23:46:37.251"></status>
</kw>
<kw name="Maximize Browser Window" library="SeleniumLibrary">
<doc>Maximizes current browser window.</doc>
<status status="PASS" starttime="20190528 23:46:37.732" endtime="20190528 23:46:38.864"></status>
</kw>
<kw name="Sleep" library="BuiltIn">
<doc>Pauses the test executed for the given time.</doc>
<arguments>
<arg>2</arg>
</arguments>
<msg timestamp="20190528 23:46:40.865" level="INFO">Slept 2 seconds</msg>
<status status="PASS" starttime="20190528 23:46:38.864" endtime="20190528 23:46:40.866"></status>
</kw>
<kw name="Input Text" library="SeleniumLibrary">
<doc>Types the given ``text`` into text field identified by ``locator``.</doc>
<arguments>
<arg>class:inputtext</arg>
<arg>hello</arg>
</arguments>
<msg timestamp="20190528 23:46:40.871" level="INFO">Typing text 'hello' into text field 'class:inputtext'.</msg>
<status status="PASS" starttime="20190528 23:46:40.868" endtime="20190528 23:46:42.717"></status>
</kw>
<status status="PASS" starttime="20190528 23:46:20.657" endtime="20190528 23:46:42.719" critical="yes"></status>
</test>
<status status="PASS" starttime="20190528 23:46:20.336" endtime="20190528 23:46:42.720"></status>
</suite>
<status status="PASS" starttime="20190528 23:46:20.304" endtime="20190528 23:46:42.724"></status>
</suite>
<statistics>
<total>
<stat pass="1" fail="0">Critical Tests</stat>
<stat pass="1" fail="0">All Tests</stat>
</total>
<tag>
</tag>
<suite>
<stat pass="1" fail="0" id="s1" name="RobotTest">RobotTest</stat>
<stat pass="1" fail="0" id="s1-s1" name="checComparison">RobotTest.checComparison</stat>
</suite>
</statistics>
<errors>
<msg timestamp="20190528 23:46:20.177" level="WARN">Automatically parsing other than '*.robot' files is deprecated. Convert 'D:\EclipseWorkplace\RobotTest\checComparison.tsv' to '*.robot' format or use '--extension' to explicitly configure which files to parse.</msg>
</errors>
</robot>
